[i] Target: windows/amd64
&command.localContainerImage{baseContainerImage:command.baseContainerImage{arch:"amd64", os:"windows", id:"windows-amd64", env:map[string]string{"CC":"zig cc -target x86_64-windows-gnu -Wdeprecated-non-prototype -Wl,--subsystem,windows", "CXX":"zig c++ -target x86_64-windows-gnu -Wdeprecated-non-prototype -Wl,--subsystem,windows", "GOARCH":"amd64", "GOOS":"windows"}, tags:[]string(nil), mount:[]command.containerMountPoint{command.containerMountPoint{name:"project", localHost:"/Users/david/Code/go/autosys/PARSER", inContainer:"/app"}, command.containerMountPoint{name:"cache", localHost:"/Users/david/Library/Caches/fyne-cross", inContainer:"/go"}}, DockerImage:"docker.io/fyneio/fyne-cross-images:windows"}, runner:(*command.localContainerEngine)(0x140000e0090)}
[i] Cleaning target directories...
/opt/homebrew/bin/podman run --rm -t -w /app -v /Users/david/Code/go/autosys/PARSER:/app -v /Users/david/Library/Caches/fyne-cross:/go --userns keep-id -e use_podman=1 --arch=arm64 -e CGO_ENABLED=1 -e GOCACHE=/go/go-build -e GOOS=windows -e GOARCH=amd64 -e CC=zig cc -target x86_64-windows-gnu -Wdeprecated-non-prototype -Wl,--subsystem,windows -e CXX=zig c++ -target x86_64-windows-gnu -Wdeprecated-non-prototype -Wl,--subsystem,windows docker.io/fyneio/fyne-cross-images:windows rm -rf /app/fyne-cross/bin/windows-amd64
/opt/homebrew/bin/podman run --rm -t -w /app -v /Users/david/Code/go/autosys/PARSER:/app -v /Users/david/Library/Caches/fyne-cross:/go --userns keep-id -e use_podman=1 --arch=arm64 -e CGO_ENABLED=1 -e GOCACHE=/go/go-build -e GOOS=windows -e GOARCH=amd64 -e CC=zig cc -target x86_64-windows-gnu -Wdeprecated-non-prototype -Wl,--subsystem,windows -e CXX=zig c++ -target x86_64-windows-gnu -Wdeprecated-non-prototype -Wl,--subsystem,windows docker.io/fyneio/fyne-cross-images:windows mkdir -p /app/fyne-cross/bin/windows-amd64
[✓] "bin" dir cleaned: /app/fyne-cross/bin/windows-amd64
/opt/homebrew/bin/podman run --rm -t -w /app -v /Users/david/Code/go/autosys/PARSER:/app -v /Users/david/Library/Caches/fyne-cross:/go --userns keep-id -e use_podman=1 --arch=arm64 -e CGO_ENABLED=1 -e GOCACHE=/go/go-build -e GOOS=windows -e GOARCH=amd64 -e CC=zig cc -target x86_64-windows-gnu -Wdeprecated-non-prototype -Wl,--subsystem,windows -e CXX=zig c++ -target x86_64-windows-gnu -Wdeprecated-non-prototype -Wl,--subsystem,windows docker.io/fyneio/fyne-cross-images:windows rm -rf /app/fyne-cross/dist/windows-amd64
/opt/homebrew/bin/podman run --rm -t -w /app -v /Users/david/Code/go/autosys/PARSER:/app -v /Users/david/Library/Caches/fyne-cross:/go --userns keep-id -e use_podman=1 --arch=arm64 -e CGO_ENABLED=1 -e GOCACHE=/go/go-build -e CC=zig cc -target x86_64-windows-gnu -Wdeprecated-non-prototype -Wl,--subsystem,windows -e CXX=zig c++ -target x86_64-windows-gnu -Wdeprecated-non-prototype -Wl,--subsystem,windows -e GOOS=windows -e GOARCH=amd64 docker.io/fyneio/fyne-cross-images:windows mkdir -p /app/fyne-cross/dist/windows-amd64
[✓] "dist" dir cleaned: /app/fyne-cross/dist/windows-amd64
/opt/homebrew/bin/podman run --rm -t -w /app -v /Users/david/Code/go/autosys/PARSER:/app -v /Users/david/Library/Caches/fyne-cross:/go --userns keep-id -e use_podman=1 --arch=arm64 -e CGO_ENABLED=1 -e GOCACHE=/go/go-build -e CXX=zig c++ -target x86_64-windows-gnu -Wdeprecated-non-prototype -Wl,--subsystem,windows -e GOOS=windows -e GOARCH=amd64 -e CC=zig cc -target x86_64-windows-gnu -Wdeprecated-non-prototype -Wl,--subsystem,windows docker.io/fyneio/fyne-cross-images:windows rm -rf /app/fyne-cross/tmp/windows-amd64
/opt/homebrew/bin/podman run --rm -t -w /app -v /Users/david/Code/go/autosys/PARSER:/app -v /Users/david/Library/Caches/fyne-cross:/go --userns keep-id -e use_podman=1 --arch=arm64 -e CGO_ENABLED=1 -e GOCACHE=/go/go-build -e GOARCH=amd64 -e CC=zig cc -target x86_64-windows-gnu -Wdeprecated-non-prototype -Wl,--subsystem,windows -e CXX=zig c++ -target x86_64-windows-gnu -Wdeprecated-non-prototype -Wl,--subsystem,windows -e GOOS=windows docker.io/fyneio/fyne-cross-images:windows mkdir -p /app/fyne-cross/tmp/windows-amd64
[✓] "temp" dir cleaned: /app/fyne-cross/tmp/windows-amd64
[i] Checking for go.mod: /Users/david/Code/go/autosys/PARSER/go.mod
[✓] go.mod found
/opt/homebrew/bin/podman run --rm -t -w /app -v /Users/david/Code/go/autosys/PARSER:/app -v /Users/david/Library/Caches/fyne-cross:/go --userns keep-id -e use_podman=1 --arch=arm64 -e CGO_ENABLED=1 -e GOCACHE=/go/go-build -e CC=zig cc -target x86_64-windows-gnu -Wdeprecated-non-prototype -Wl,--subsystem,windows -e CXX=zig c++ -target x86_64-windows-gnu -Wdeprecated-non-prototype -Wl,--subsystem,windows -e GOOS=windows -e GOARCH=amd64 docker.io/fyneio/fyne-cross-images:windows cp /app/Icon.png /app/fyne-cross/tmp/windows-amd64/Icon.png
[i] Packaging app...
/opt/homebrew/bin/podman run --rm -t -w /app -v /Users/david/Code/go/autosys/PARSER:/app -v /Users/david/Library/Caches/fyne-cross:/go --userns keep-id -e use_podman=1 --arch=arm64 -e CGO_ENABLED=1 -e GOCACHE=/go/go-build -e CC=zig cc -target x86_64-windows-gnu -Wdeprecated-non-prototype -Wl,--subsystem,windows -e CXX=zig c++ -target x86_64-windows-gnu -Wdeprecated-non-prototype -Wl,--subsystem,windows -e GOOS=windows -e GOARCH=amd64 docker.io/fyneio/fyne-cross-images:windows /usr/local/bin/fyne version
fyne cli version: v2.5.5
/opt/homebrew/bin/podman run --rm -t -w /app -v /Users/david/Code/go/autosys/PARSER:/app -v /Users/david/Library/Caches/fyne-cross:/go --userns keep-id -e use_podman=1 --arch=arm64 -e CGO_ENABLED=1 -e GOCACHE=/go/go-build -e CC=zig cc -target x86_64-windows-gnu -Wdeprecated-non-prototype -Wl,--subsystem,windows -e CXX=zig c++ -target x86_64-windows-gnu -Wdeprecated-non-prototype -Wl,--subsystem,windows -e GOOS=windows -e GOARCH=amd64 docker.io/fyneio/fyne-cross-images:windows /usr/local/bin/fyne package -os windows -name PARSER.exe -icon /app/fyne-cross/tmp/windows-amd64/Icon.png -appBuild 1 -appVersion 1.0.0 -release
missing appID parameter for package
[✗] could not package the Fyne app: exit status 1
